# JRE version: OpenJDK Runtime Environment (8.0_242-b01) (build 1.8.0_242-release-1644-b01)
# Java VM: OpenJDK 64-Bit Server VM (25.242-b01 mixed mode windows-amd64 compressed oops)
Heap:
 PSYoungGen      total 465920K, used 250451K [0x00000000d5580000, 0x0000000100000000, 0x0000000100000000)
  eden space 232960K, 39% used [0x00000000d5580000,0x00000000daf1d960,0x00000000e3900000)
  from space 232960K, 68% used [0x00000000f1c80000,0x00000000fb777388,0x0000000100000000)
  to   space 232960K, 0% used [0x00000000e3900000,0x00000000e3900000,0x00000000f1c80000)
 ParOldGen       total 635904K, used 307965K [0x0000000080000000, 0x00000000a6d00000, 0x00000000d5580000)
  object space 635904K, 48% used [0x0000000080000000,0x0000000092cbf538,0x00000000a6d00000)
 Metaspace       used 342125K, capacity 361190K, committed 380876K, reserved 1380352K
  class space    used 43517K, capacity 47028K, committed 50176K, reserved 1048576K
GC Heap History (10 events):
Event: 9976.930 GC heap before
{Heap before GC invocations=120 (full 7):
 PSYoungGen      total 473600K, used 466488K [0x00000000d5580000, 0x0000000100000000, 0x0000000100000000)
  eden space 326144K, 100% used [0x00000000d5580000,0x00000000e9400000,0x00000000e9400000)
  from space 147456K, 95% used [0x00000000f7000000,0x00000000ff90e060,0x0000000100000000)
  to   space 186368K, 0% used [0x00000000e9400000,0x00000000e9400000,0x00000000f4a00000)
 ParOldGen       total 415232K, used 368228K [0x0000000080000000, 0x0000000099580000, 0x00000000d5580000)
  object space 415232K, 88% used [0x0000000080000000,0x00000000967991f0,0x0000000099580000)
 Metaspace       used 362968K, capacity 384774K, committed 384972K, reserved 1384448K
  class space    used 46124K, capacity 50057K, committed 50176K, reserved 1048576K
Event: 9976.951 GC heap after
Heap after GC invocations=120 (full 7):
 PSYoungGen      total 473600K, used 147307K [0x00000000d5580000, 0x0000000100000000, 0x0000000100000000)
  eden space 326144K, 0% used [0x00000000d5580000,0x00000000d5580000,0x00000000e9400000)
  from space 147456K, 99% used [0x00000000e9400000,0x00000000f23dada0,0x00000000f2400000)
  to   space 203776K, 0% used [0x00000000f3900000,0x00000000f3900000,0x0000000100000000)
 ParOldGen       total 415232K, used 369325K [0x0000000080000000, 0x0000000099580000, 0x00000000d5580000)
  object space 415232K, 88% used [0x0000000080000000,0x00000000968ab620,0x0000000099580000)
 Metaspace       used 362968K, capacity 384774K, committed 384972K, reserved 1384448K
  class space    used 46124K, capacity 50057K, committed 50176K, reserved 1048576K
}
Event: 9977.553 GC heap before
{Heap before GC invocations=121 (full 7):
 PSYoungGen      total 473600K, used 473451K [0x00000000d5580000, 0x0000000100000000, 0x0000000100000000)
  eden space 326144K, 100% used [0x00000000d5580000,0x00000000e9400000,0x00000000e9400000)
  from space 147456K, 99% used [0x00000000e9400000,0x00000000f23dada0,0x00000000f2400000)
  to   space 203776K, 0% used [0x00000000f3900000,0x00000000f3900000,0x0000000100000000)
 ParOldGen       total 415232K, used 369420K [0x0000000080000000, 0x0000000099580000, 0x00000000d5580000)
  object space 415232K, 88% used [0x0000000080000000,0x00000000968c31a8,0x0000000099580000)
 Metaspace       used 362971K, capacity 384774K, committed 384972K, reserved 1384448K
  class space    used 46124K, capacity 50057K, committed 50176K, reserved 1048576K
Event: 9977.586 GC heap after
Heap after GC invocations=121 (full 7):
 PSYoungGen      total 437760K, used 187956K [0x00000000d5580000, 0x0000000100000000, 0x0000000100000000)
  eden space 233984K, 0% used [0x00000000d5580000,0x00000000d5580000,0x00000000e3a00000)
  from space 203776K, 92% used [0x00000000f3900000,0x00000000ff08d050,0x0000000100000000)
  to   space 232448K, 0% used [0x00000000e3a00000,0x00000000e3a00000,0x00000000f1d00000)
 ParOldGen       total 415232K, used 385876K [0x0000000080000000, 0x0000000099580000, 0x00000000d5580000)
  object space 415232K, 92% used [0x0000000080000000,0x00000000978d51b8,0x0000000099580000)
 Metaspace       used 362971K, capacity 384774K, committed 384972K, reserved 1384448K
  class space    used 46124K, capacity 50057K, committed 50176K, reserved 1048576K
}
Event: 9977.586 GC heap before
{Heap before GC invocations=122 (full 8):
 PSYoungGen      total 437760K, used 187956K [0x00000000d5580000, 0x0000000100000000, 0x0000000100000000)
  eden space 233984K, 0% used [0x00000000d5580000,0x00000000d5580000,0x00000000e3a00000)
  from space 203776K, 92% used [0x00000000f3900000,0x00000000ff08d050,0x0000000100000000)
  to   space 232448K, 0% used [0x00000000e3a00000,0x00000000e3a00000,0x00000000f1d00000)
 ParOldGen       total 415232K, used 385876K [0x0000000080000000, 0x0000000099580000, 0x00000000d5580000)
  object space 415232K, 92% used [0x0000000080000000,0x00000000978d51b8,0x0000000099580000)
 Metaspace       used 362971K, capacity 384774K, committed 384972K, reserved 1384448K
  class space    used 46124K, capacity 50057K, committed 50176K, reserved 1048576K
Event: 9978.121 GC heap after
Heap after GC invocations=122 (full 8):
 PSYoungGen      total 437760K, used 0K [0x00000000d5580000, 0x0000000100000000, 0x0000000100000000)
  eden space 233984K, 0% used [0x00000000d5580000,0x00000000d5580000,0x00000000e3a00000)
  from space 203776K, 0% used [0x00000000f3900000,0x00000000f3900000,0x0000000100000000)
  to   space 232448K, 0% used [0x00000000e3a00000,0x00000000e3a00000,0x00000000f1d00000)
 ParOldGen       total 635904K, used 307778K [0x0000000080000000, 0x00000000a6d00000, 0x00000000d5580000)
  object space 635904K, 48% used [0x0000000080000000,0x0000000092c90950,0x00000000a6d00000)
 Metaspace       used 342101K, capacity 361154K, committed 380876K, reserved 1380352K
  class space    used 43512K, capacity 47022K, committed 50176K, reserved 1048576K
}
Event: 9978.531 GC heap before
{Heap before GC invocations=123 (full 8):
 PSYoungGen      total 437760K, used 233984K [0x00000000d5580000, 0x0000000100000000, 0x0000000100000000)
  eden space 233984K, 100% used [0x00000000d5580000,0x00000000e3a00000,0x00000000e3a00000)
  from space 203776K, 0% used [0x00000000f3900000,0x00000000f3900000,0x0000000100000000)
  to   space 232448K, 0% used [0x00000000e3a00000,0x00000000e3a00000,0x00000000f1d00000)
 ParOldGen       total 635904K, used 307876K [0x0000000080000000, 0x00000000a6d00000, 0x00000000d5580000)
  object space 635904K, 48% used [0x0000000080000000,0x0000000092ca9358,0x00000000a6d00000)
 Metaspace       used 342101K, capacity 361154K, committed 380876K, reserved 1380352K
  class space    used 43512K, capacity 47022K, committed 50176K, reserved 1048576K
Event: 9978.548 GC heap after
Heap after GC invocations=123 (full 8):
 PSYoungGen      total 402944K, used 168862K [0x00000000d5580000, 0x0000000100000000, 0x0000000100000000)
  eden space 233984K, 0% used [0x00000000d5580000,0x00000000d5580000,0x00000000e3a00000)
  from space 168960K, 99% used [0x00000000e3a00000,0x00000000edee79a8,0x00000000edf00000)
  to   space 232960K, 0% used [0x00000000f1c80000,0x00000000f1c80000,0x0000000100000000)
 ParOldGen       total 635904K, used 307876K [0x0000000080000000, 0x00000000a6d00000, 0x00000000d5580000)
  object space 635904K, 48% used [0x0000000080000000,0x0000000092ca9358,0x00000000a6d00000)
 Metaspace       used 342101K, capacity 361154K, committed 380876K, reserved 1380352K
  class space    used 43512K, capacity 47022K, committed 50176K, reserved 1048576K
}
Event: 9979.081 GC heap before
{Heap before GC invocations=124 (full 8):
 PSYoungGen      total 402944K, used 402846K [0x00000000d5580000, 0x0000000100000000, 0x0000000100000000)
  eden space 233984K, 100% used [0x00000000d5580000,0x00000000e3a00000,0x00000000e3a00000)
  from space 168960K, 99% used [0x00000000e3a00000,0x00000000edee79a8,0x00000000edf00000)
  to   space 232960K, 0% used [0x00000000f1c80000,0x00000000f1c80000,0x0000000100000000)
 ParOldGen       total 635904K, used 307965K [0x0000000080000000, 0x00000000a6d00000, 0x00000000d5580000)
  object space 635904K, 48% used [0x0000000080000000,0x0000000092cbf538,0x00000000a6d00000)
 Metaspace       used 342102K, capacity 361154K, committed 380876K, reserved 1380352K
  class space    used 43512K, capacity 47022K, committed 50176K, reserved 1048576K
Event: 9979.099 GC heap after
Heap after GC invocations=124 (full 8):
 PSYoungGen      total 465920K, used 158684K [0x00000000d5580000, 0x0000000100000000, 0x0000000100000000)
  eden space 232960K, 0% used [0x00000000d5580000,0x00000000d5580000,0x00000000e3900000)
  from space 232960K, 68% used [0x00000000f1c80000,0x00000000fb777388,0x0000000100000000)
  to   space 232960K, 0% used [0x00000000e3900000,0x00000000e3900000,0x00000000f1c80000)
 ParOldGen       total 635904K, used 307965K [0x0000000080000000, 0x00000000a6d00000, 0x00000000d5580000)
  object space 635904K, 48% used [0x0000000080000000,0x0000000092cbf538,0x00000000a6d00000)
 Metaspace       used 342102K, capacity 361154K, committed 380876K, reserved 1380352K
  class space    used 43512K, capacity 47022K, committed 50176K, reserved 1048576K
}

